[progames22.xyz/5cb1f95.html]
[backblue.gif]
[fade.gif]
[index.html]
[browser.sentry-cdn.com/6.4.1/bundle.min.js]
[www.google-analytics.com/analytics.js]
[d13pxqgp3ixdbh.cloudfront.net/uploads/1627287229e6ef4e236a8942f78654933532b8ea5a.png]
[progames22.xyz/img/index.html]
[d13pxqgp3ixdbh.cloudfront.net/uploads/16272872295d6e2b89c72f1b9123ba99332e42cf90.png]
[d13pxqgp3ixdbh.cloudfront.net/uploads/162728723074f90338c5e846d0bc58a75490ae1c53.png]
[d13pxqgp3ixdbh.cloudfront.net/uploads/1627287230e8517995e6a8371f77ec007b8058d265.png]
[progames22.xyz/style.css]
[progames22.xyz/main.js]
[ajax.googleapis.com/ajax/libs/jquery/2.2.4/jquery.min.js]
[dyodrs1kxvg6o.cloudfront.net/52663cc.js]
[progames22.xyz/customTemplateGlobal.set]
[progames22.xyz/5cb1f95.html]
[progames22.xyz/img/index.html]
[progames22.xyz/style.html]
[progames22.xyz/main.html]
[progames22.xyz/customTemplateGlobal.html]
